IQ-TREE multicore version 1.6.12 for Linux 64-bit built Mar 16 2020
Developed by Bui Quang Minh, Nguyen Lam Tung, Olga Chernomor,
Heiko Schmidt, Dominik Schrempf, Michael Woodhams.

Host:    localhost.localdomain (AVX512, FMA3, 6 GB RAM)
Command: iqtree -nt 1 -s results/aligned-delim.fasta -m GTR -ninit 2 -n 2 -me 0.05
Seed:    261929 (Using SPRNG - Scalable Parallel Random Number Generator)
Time:    Mon Sep 12 14:46:07 2022
Kernel:  AVX+FMA - 1 threads (4 CPU cores detected)

HINT: Use -nt option to specify number of threads because your CPU has 4 cores!
HINT: -nt AUTO will automatically determine the best number of threads to use.

Reading alignment file results/aligned-delim.fasta ... Fasta format detected
Alignment most likely contains DNA/RNA sequences
Alignment has 158 sequences with 11029 columns, 2496 distinct patterns
261 parsimony-informative, 759 singleton sites, 10009 constant sites
                                              Gap/Ambiguity  Composition  p-value
   1  NC_009942.1                                     0.00%    passed     87.55%
   2  WNV_12SP1EzSCL002_Ct_UT_07.15.14_2014.536986    6.80%    passed     97.55%
   3  WNV_808T_P1_Cp_WA_08.02.18_2018.586301          7.00%    passed     97.72%
   4  WNV_1091790_Ct_MT_08.29.18_2018.660274          6.87%    passed     98.39%
   5  WNV_216204_Ct_AZ_20210910                       1.98%    passed     99.82%
   6  WNVxx3565xxCtxxCAxx20210831                     1.39%    passed     99.81%
   7  WNV_2bF5_Ct_AZ_08.14.17_2017.619178             6.89%    passed     99.64%
   8  WNV_49808_9108_Ce_NV_07162018_2018.5384        15.59%    passed     35.28%
   9  WNV_CheshireDam_Tube_Ct_08272019_2019.655031    6.80%    passed     99.92%
  10  WNV_10I3_Cq_AZ_20210715                         1.64%    passed     99.93%
  11  WNV_211406_Cq_AZ_20210811                       1.87%    passed     99.97%
  12  WNV_215247_Cq_AZ_20210824                       1.90%    passed     99.96%
  13  WNV_212989_Cq_AZ_20210805                       1.90%    passed     99.98%
  14  WNV_211425_Cq_AZ_20210811                       1.99%    passed     99.95%
  15  WNV_215375_Cq_AZ_20210824                       1.25%    passed     99.98%
  16  WNV_216091_Ct_AZ_20210910                       1.90%    passed     99.97%
  17  WNV_216115_Cq_AZ_20210910                       1.86%    passed     99.88%
  18  WNVxx214785xxCqxxAZxx20210902                   1.84%    passed     99.97%
  19  WNVxx216676xxCqxxAZxx20200902                   1.83%    passed     99.95%
  20  WNV_212991_Cq_AZ_20210805                      26.02%    passed     66.79%
  21  WNV_30I2_Cq_AZ_20210713                         1.45%    passed     99.67%
  22  WNV_213036_Cq_AZ_20210805                       1.90%    passed     99.92%
  23  WNV_216581_Cq_AZ_20210910                       1.86%    passed     99.84%
  24  WNV_213797_Cq_AZ_20210824                       3.45%    passed     99.82%
  25  WNV_214345_Cq_AZ_20210901                       3.06%    passed     99.78%
  26  WNV_218276_Cq_AZ_20210910                       1.91%    passed     99.98%
  27  WNV_214105_Cq_AZ_20210901                       1.72%    passed     99.81%
  28  WNVxx10I3xxCtxxAZxx20210714                     2.87%    passed     95.23%
  29  WNVxx211151xxCqxxAZxx20210803                   1.37%    passed    100.00%
  30  WNVxx211031xxCqxxAZxx20210727                   2.83%    passed     97.03%
  31  WNVxx211028xxCqxxAZxx20210727                   1.70%    passed     99.91%
  32  WNVxx211823xxCqxxAZxx20210727                   3.54%    passed     95.11%
  33  WNVxx2111807xxCtxxAZxx20210923                 11.92%    passed     92.54%
  34  WNVxx216403xxCqxxAZxx20210908                   1.62%    passed     99.72%
  35  WNVxx37H3xxCqxxAZxx20210721                     1.39%    passed     99.99%
  36  WNVxx21980xxCqxxAZxx20210727                    2.65%    passed     94.68%
  37  WNVxx216411xxCqxxAZxx20210908                   1.43%    passed     99.97%
  38  WNVxx30I2xxCqxxAZxx20210709                     2.22%    passed     98.21%
  39  WNVxx46I3xxCqxxAZxx20210708                     1.64%    passed     99.60%
  40  WNVxx213283xxCqxxAZxx20210810                   1.41%    passed     99.98%
  41  WNVxx215462xxCqxxAZxx20210825                   2.08%    passed     98.27%
  42  WNV_211395_Cq_AZ_20210811                       1.89%    passed     99.97%
  43  WNV_215900_Cq_AZ_20210824                       1.89%    passed     99.78%
  44  WNV_212611_Cq_AZ_20210805                       1.90%    passed     99.92%
  45  WNV_213130_Cq_AZ_20210811                       1.87%    passed     99.90%
  46  WNV_216728_Cq_AZ_20210908                       1.78%    passed     99.75%
  47  WNV_73H3_Cq_AZ_20210713                         1.87%    passed     99.88%
  48  WNV_215282_Cq_AZ_20210824                       1.88%    passed     99.92%
  49  WNV_213146_Cq_AZ_20210811                       1.90%    passed     99.94%
  50  WNV_214781_Cq_AZ_20210903                       1.90%    passed     99.72%
  51  WNV_30K6_Cq_AZ_20210720                         1.90%    passed     99.81%
  52  WNV_212990_Cq_AZ_20210805                       1.89%    passed     99.97%
  53  WNV_213002_Cq_AZ_20210805                       1.86%    passed     99.96%
  54  WNV_214170_Ct_AZ_20210901                       1.88%    passed     99.61%
  55  WNV_216419_Ct_AZ_20210908                       2.00%    passed     99.77%
  56  WNV_216616_Cq_AZ_20210914                       1.89%    passed     99.86%
  57  WNV_218100_Ct_AZ_20210914                       1.91%    passed     99.96%
  58  WNV_95H2_Cq_AZ_20210715                         1.92%    passed     99.59%
  59  WNV_9C52_Ct_AZ_20210715                         1.94%    passed     99.39%
  60  WNV_215970_Cq_AZ_20210901                       1.81%    passed     99.65%
  61  WNV_216503_Cq_AZ_20210908                       1.90%    passed     99.65%
  62  WNV_214380_Cq_AZ_20210903                       1.92%    passed     99.98%
  63  WNV_216216_Ct_AZ_20210910                       2.01%    passed     99.74%
  64  WNV_216186_Cq_AZ_20210910                       2.00%    passed     99.96%
  65  WNV_215388Cq_AZ_20210824                        1.96%    passed     99.92%
  66  WNV_211749_Ct_AZ_20210805                       1.86%    passed     99.94%
  67  WNV_219998_Cq_AZ_20210910                       1.92%    passed     99.69%
  68  WNV_216460_Ct_AZ_20210908                       1.60%    passed     99.86%
  69  WNV_218280_Ct_AZ_20210914                       1.84%    passed     99.85%
  70  WNVxx211951xxCqxxAZxx20210803                   1.81%    passed     99.98%
  71  WNVxx2111799xxCtxxAZxx20210923                  1.84%    passed     99.97%
  72  WNV_215317_Cq_AZ_20210824                       1.93%    passed     99.99%
  73  WNV_216422_Cq_AZ_20210908                       1.90%    passed     99.99%
  74  WNVx218780xAaxAZx20210903                       2.51%    passed     99.48%
  75  WNVxx214771xxCqxxAZxx20210902                  37.13%    passed     81.42%
  76  WNVxx2111996xxCqxxAZxx20210923                  1.47%    passed     99.98%
  77  WNV_21I2_Cq_AZ_20210713                         1.89%    passed     99.96%
  78  WNVxx215366xxCtxxAZxx20210824                   1.38%    passed     99.93%
  79  WNVxx21I2xxCqxxAZxx20210713                     1.41%    passed    100.00%
  80  WNVxx68I3xxCtxxAZxx20210707                     1.38%    passed     99.99%
  81  WNVxx211829xxCqxxAZxx20210727                   1.92%    passed     99.41%
  82  WNVxx00H3xxCtxxAZxx20210707                     1.41%    passed     99.99%
  83  WNVxx3248xxCtxxCAxx20210818                     1.39%    passed     99.99%
  84  WNVxx3251xxCtxxCAxx20210818                     1.41%    passed     99.99%
  85  WNVxx211817xxCqxxAZxx20210729                   1.43%    passed     99.96%
  86  WNVxx3189xxCtxxCAxx20210817                     2.61%    passed     98.80%
  87  WNVxx3202xxCtxxCAxx20210817                     1.39%    passed     99.93%
  88  WNVxx3573xxCtxxCAxx20210831                     2.60%    passed     98.87%
  89  WNVxx3254xxCtxxCAxx20210818                     1.31%    passed     99.92%
  90  WNVxx3403xxCtxxCAxx20210824                     1.71%    passed     99.56%
  91  WNVxx214701xxCtxxAZxx20210825                   2.24%    passed     97.98%
  92  WNVxx3268xxCtxxCAxx20210819                     1.43%    passed     99.97%
  93  WNVxx3188xxCtxxCAxx20210817                     1.41%    passed     99.98%
  94  WNVxx3198xxCtxxCAxx20210817                     1.42%    passed     99.88%
  95  WNVxx3292xxCtxxCAxx20210824                     1.36%    passed     99.93%
  96  WNVxx3201xxCtxxCAxx20210817                     1.43%    passed     99.98%
  97  WNVxx3269xxCtxxCAxx20210819                     1.45%    passed     99.91%
  98  WNVxx3170xxCtxxCAxx20210817                     1.74%    passed     99.84%
  99  WNVxx3392xxCtxxCAxx20210824                     1.75%    passed     99.87%
 100  WNVxx3172xxCtxxCAxx20210817                     1.66%    passed     99.92%
 101  WNVxx3257xxCtxxCAxx20210818                     1.40%    passed     99.98%
 102  WNVxx30K6xxCqxxAZxx20210715                     1.47%    passed     99.99%
 103  WNVxx3246xxCtxxCAxx20210818                     1.45%    passed    100.00%
 104  WNVxx3566xxCtxxCAxx20210831                     1.89%    passed     99.51%
 105  WNVxx211889xxCqxxAZxx20210727                   1.44%    passed     99.97%
 106  WNVxx3393xxCtxxCAxx20210824                     1.95%    passed     99.55%
 107  WNVxx3176xxCtxxCAxx20210817                     1.41%    passed     99.82%
 108  WNVxx73H3xxCqxxAZxx20210713                     2.05%    passed     99.23%
 109  WNVxx3197xxCtxxCAxx20210817                     1.40%    passed     99.99%
 110  WNVxx3253xxCtxxCAxx20210818                     2.84%    passed     99.91%
 111  WNVxx3291xxCtxxCAxx20210824                     1.46%    passed     99.94%
 112  WNVxx3410xxCtxxCAxx20210824                     1.70%    passed     99.29%
 113  WNVxx65I2xxCtxxAZxx20210708                     1.42%    passed     99.91%
 114  WNVxx3412xxCtxxCAxx20210824                     2.62%    passed     98.48%
 115  WNVxx3203xxCtxxCAxx20210817                     1.38%    passed     99.91%
 116  WNVxx215628xxCqxxAZxx20210914                   1.45%    passed     99.85%
 117  WNVxx3400xxCtxxCAxx20210824                     4.22%    passed     99.24%
 118  WNVxx3247xxCtxxCAxx20210818                     4.81%    passed     99.71%
 119  WNVxx217482xxCqxxAZxx20210916                   1.46%    passed     99.95%
 120  WNVxx3245xxCtxxCAxx20210818                     1.81%    passed     99.72%
 121  WNVxx3569xxCtxxCAxx20210831                     2.62%    passed     99.55%
 122  WNVxx3185xxCtxxCAxx20210817                     1.82%    passed     99.68%
 123  WNVxx95H2xxCqxxAZxx20210714                     1.80%    passed     99.89%
 124  WNVxx3260xxCtxxCAxx20210818                     3.22%    passed     96.64%
 125  WNVxx3567xxCtxxCAxx20210831                     1.73%    passed     99.96%
 126  WNVxx21484xxCqxxAZxx20210728                    2.67%    passed     98.30%
 127  WNVxx211812xxCqxxAZxx20210727                   1.41%    passed     99.86%
 128  WNVxx21985xxCqxxAZxx20210729                    2.64%    passed     98.20%
 129  WNV_211481_Cq_AZ_20210811                       1.92%    passed     99.80%
 130  WNV_215273_Cq_AZ_20210824                       1.89%    passed     99.94%
 131  WNV_213759_Cq_AZ_20210824                       1.88%    passed     99.78%
 132  WNV_215307_Cq_AZ_20210824                       1.87%    passed     99.85%
 133  WNV_215293Cq_AZ_20210824                        1.90%    passed     99.87%
 134  WNV_214137_Ct_AZ_20210901                       1.52%    passed     99.65%
 135  WNV_21923_Cq_AZ_20210805                        1.87%    passed     99.92%
 136  WNV_215336_Cq_AZ_20210824                       1.96%    passed     99.85%
 137  WNV_215327_Cq_AZ_20210824                       1.90%    passed     99.96%
 138  WNV_213138_Cq_AZ_20210811                       1.87%    passed     99.22%
 139  WNV2111763xxCtxxAZxx20210923                    1.85%    passed     99.55%
 140  WNV_214962_Cq_AZ_20210903                       2.40%    passed     99.79%
 141  WNV_215439Cq_AZ_20210824                        2.36%    passed     99.68%
 142  WNVxx211874xxCqxxAZxx20210730                   4.00%    passed     97.97%
 143  WNVxx211965xxCtxxAZxx20210730                  58.16%    passed     84.90%
 144  WNVxx9C52xxCtxxAZxx20210714                     3.08%    passed     99.48%
 145  WNVxxPCPH2022001xxCqxxAZxx20220810              1.74%    passed     99.77%
 146  WNVxx21472xxCqxxAZxx20210728                    2.58%    passed     97.75%
 147  WNVx218980xAaxAZx20210908                      34.71%    passed     87.58%
 148  WNVxUSDAxD8x202108                             11.14%    passed     85.12%
 149  WNVxx2111895xxCqxxAZxx20210923                  2.44%    passed     99.86%
 150  WNVx218992xAaxAZx20210908                      11.17%    passed     88.15%
 151  WNVxx91I6xxCtxxAZxx20210721                     3.26%    passed     99.31%
 152  WNVxx3244xxCtxxCAxx20210818                    92.79%    passed     45.83%
 153  WNVxx2111819xxCqxxAZxx20210923                  4.01%    passed     97.45%
 154  WNVxx211960xxCqxxAZxx20210803                   5.16%    passed     97.92%
 155  WNVxx2111821xxCtxxAZxx20210923                 37.81%    passed     94.90%
 156  WNVxx2111824xxCtxxAZxx20210923                 41.86%    passed     93.23%
 157  WNVxx19H0xxCqxxAZxx20210721                    14.76%    passed     72.71%
 158  WNVxx21494xxCqxxAZxx20210803                   34.20%    passed     88.49%
WARNING: 2 sequences contain more than 50% gaps/ambiguity
****  TOTAL                                           4.67%  0 sequences failed composition chi2 test (p-value<5%; df=3)

Create initial parsimony tree by phylogenetic likelihood library (PLL)... 0.027 seconds

NOTE: 12 MB RAM (0 GB) is required!
Estimate model parameters (epsilon = 0.500)
1. Initial log-likelihood: -26001.373
2. Current log-likelihood: -24714.519
3. Current log-likelihood: -24672.418
Optimal log-likelihood: -24672.394
Rate parameters:  A-C: 0.93425  A-G: 6.76576  A-T: 1.45542  C-G: 0.60496  C-T: 22.31839  G-T: 1.00000
Base frequencies:  A: 0.273  C: 0.222  G: 0.289  T: 0.217
Parameters optimization took 3 rounds (1.271 sec)
Computing ML distances based on estimated model parameters... 0.225 sec
Computing BIONJ tree...
0.007 seconds
Log-likelihood of BIONJ tree: -24999.371
--------------------------------------------------------------------
|             INITIALIZING CANDIDATE TREE SET                      |
--------------------------------------------------------------------

Do NNI search on 2 best initial trees
Estimate model parameters (epsilon = 0.500)
BETTER TREE FOUND at iteration 1: -24671.276
Estimate model parameters (epsilon = 0.500)
BETTER TREE FOUND at iteration 2: -24664.748
Finish initializing candidate tree set (4)
Current best tree score: -24664.748 / CPU time: 1.881
Number of iterations: 2
TREE SEARCH COMPLETED AFTER 2 ITERATIONS / Time: 0h:0m:3s

--------------------------------------------------------------------
|                    FINALIZING TREE SEARCH                        |
--------------------------------------------------------------------
Performs final model parameters optimization
Estimate model parameters (epsilon = 0.050)
1. Initial log-likelihood: -24664.748
Optimal log-likelihood: -24664.743
Rate parameters:  A-C: 0.92900  A-G: 6.73982  A-T: 1.44475  C-G: 0.59850  C-T: 22.31671  G-T: 1.00000
Base frequencies:  A: 0.273  C: 0.222  G: 0.289  T: 0.217
Parameters optimization took 1 rounds (0.075 sec)
BEST SCORE FOUND : -24664.743
Total tree length: 0.122

Total number of iterations: 2
CPU time used for tree search: 1.869 sec (0h:0m:1s)
Wall-clock time used for tree search: 1.882 sec (0h:0m:1s)
Total CPU time used: 3.565 sec (0h:0m:3s)
Total wall-clock time used: 3.595 sec (0h:0m:3s)

Analysis results written to: 
  IQ-TREE report:                results/aligned-delim.fasta.iqtree
  Maximum-likelihood tree:       results/aligned-delim.fasta.treefile
  Likelihood distances:          results/aligned-delim.fasta.mldist
  Screen log file:               results/aligned-delim.fasta.log

Date and Time: Mon Sep 12 14:46:10 2022
